-------------------------------------------------------------------------------
Test set: com.snail.Redis02SpringbootApplicationTests
-------------------------------------------------------------------------------
Tests run: 2, Failures: 0, Errors: 1, Skipped: 0, Time elapsed: 18.442 s <<< FAILURE! - in com.snail.Redis02SpringbootApplicationTests
testUser  Time elapsed: 12.914 s  <<< ERROR!
org.springframework.data.redis.RedisConnectionFailureException: Unable to connect to Redis; nested exception is io.lettuce.core.RedisConnectionException: Unable to connect to 192.168.150.128:6379
	at com.snail.Redis02SpringbootApplicationTests.testUser(Redis02SpringbootApplicationTests.java:49)
Caused by: io.lettuce.core.RedisConnectionException: Unable to connect to 192.168.150.128:6379
	at com.snail.Redis02SpringbootApplicationTests.testUser(Redis02SpringbootApplicationTests.java:49)
Caused by: io.netty.channel.ConnectTimeoutException: connection timed out: /192.168.150.128:6379

