<?xml version="1.0" encoding="UTF-8"?>
<testsuite xmlns:xsi="http://www.w3.org/2001/XMLSchema-instance" xsi:noNamespaceSchemaLocation="https://maven.apache.org/surefire/maven-surefire-plugin/xsd/surefire-test-report.xsd" name="com.snail.Redis02SpringbootApplicationTests" time="18.442" tests="2" errors="1" skipped="0" failures="0">
  <properties>
[...]
</properties>
  <testcase name="testUser" classname="com.snail.Redis02SpringbootApplicationTests" time="12.914">
    <error message="Unable to connect to Redis; nested exception is io.lettuce.core.RedisConnectionException: Unable to connect to 192.168.150.128:6379" type="org.springframework.data.redis.RedisConnectionFailureException">org.springframework.data.redis.RedisConnectionFailureException: Unable to connect to Redis; nested exception is io.lettuce.core.RedisConnectionException: Unable to connect to 192.168.150.128:6379
	at com.snail.Redis02SpringbootApplicationTests.testUser(Redis02SpringbootApplicationTests.java:49)
Caused by: io.lettuce.core.RedisConnectionException: Unable to connect to 192.168.150.128:6379
	at com.snail.Redis02SpringbootApplicationTests.testUser(Redis02SpringbootApplicationTests.java:49)
Caused by: io.netty.channel.ConnectTimeoutException: connection timed out: /192.168.150.128:6379
</error>
    <system-out><![CDATA[21:57:47.710 [main] DEBUG org.springframework.test.context.BootstrapUtils - Instantiating CacheAwareContextLoaderDelegate from class [org.springframework.test.context.cache.DefaultCacheAwareContextLoaderDelegate]
21:57:47.734 [main] DEBUG org.springframework.test.context.BootstrapUtils - Instantiating BootstrapContext using constructor [public org.springframework.test.context.support.DefaultBootstrapContext(java.lang.Class,org.springframework.test.context.CacheAwareContextLoaderDelegate)]
21:57:47.799 [main] DEBUG org.springframework.test.context.BootstrapUtils - Instantiating TestContextBootstrapper for test class [com.snail.Redis02SpringbootApplicationTests] from class [org.springframework.boot.test.context.SpringBootTestContextBootstrapper]
21:57:47.877 [main] INFO org.springframework.boot.test.context.SpringBootTestContextBootstrapper - Neither @ContextConfiguration nor @ContextHierarchy found for test class [com.snail.Redis02SpringbootApplicationTests], using SpringBootContextLoader
21:57:47.889 [main] DEBUG org.springframework.test.context.support.AbstractContextLoader - Did not detect default resource location for test class [com.snail.Redis02SpringbootApplicationTests]: class path resource [com/snail/Redis02SpringbootApplicationTests-context.xml] does not exist
21:57:47.890 [main] DEBUG org.springframework.test.context.support.AbstractContextLoader - Did not detect default resource location for test class [com.snail.Redis02SpringbootApplicationTests]: class path resource [com/snail/Redis02SpringbootApplicationTestsContext.groovy] does not exist
21:57:47.900 [main] INFO org.springframework.test.context.support.AbstractContextLoader - Could not detect default resource locations for test class [com.snail.Redis02SpringbootApplicationTests]: no resource found for suffixes {-context.xml, Context.groovy}.
21:57:47.904 [main] INFO org.springframework.test.context.support.AnnotationConfigContextLoaderUtils - Could not detect default configuration classes for test class [com.snail.Redis02SpringbootApplicationTests]: Redis02SpringbootApplicationTests does not declare any static, non-private, non-final, nested classes annotated with @Configuration.
21:57:48.050 [main] DEBUG org.springframework.test.context.support.ActiveProfilesUtils - Could not find an 'annotation declaring class' for annotation type [org.springframework.test.context.ActiveProfiles] and class [com.snail.Redis02SpringbootApplicationTests]
21:57:48.203 [main] DEBUG org.springframework.context.annotation.ClassPathScanningCandidateComponentProvider - Identified candidate component class: file [D:\MyCode\SuperSnail\snail\redis-02-springboot\target\classes\com\snail\Redis02SpringbootApplication.class]
21:57:48.206 [main] INFO org.springframework.boot.test.context.SpringBootTestContextBootstrapper - Found @SpringBootConfiguration com.snail.Redis02SpringbootApplication for test class com.snail.Redis02SpringbootApplicationTests
21:57:48.366 [main] DEBUG org.springframework.boot.test.context.SpringBootTestContextBootstrapper - @TestExecutionListeners is not present for class [com.snail.Redis02SpringbootApplicationTests]: using defaults.
21:57:48.366 [main] INFO org.springframework.boot.test.context.SpringBootTestContextBootstrapper - Loaded default TestExecutionListener class names from location [META-INF/spring.factories]: [org.springframework.boot.test.mock.mockito.MockitoTestExecutionListener, org.springframework.boot.test.mock.mockito.ResetMocksTestExecutionListener, org.springframework.boot.test.autoconfigure.restdocs.RestDocsTestExecutionListener, org.springframework.boot.test.autoconfigure.web.client.MockRestServiceServerResetTestExecutionListener, org.springframework.boot.test.autoconfigure.web.servlet.MockMvcPrintOnlyOnFailureTestExecutionListener, org.springframework.boot.test.autoconfigure.web.servlet.WebDriverTestExecutionListener, org.springframework.boot.test.autoconfigure.webservices.client.MockWebServiceServerTestExecutionListener, org.springframework.test.context.web.ServletTestExecutionListener, org.springframework.test.context.support.DirtiesContextBeforeModesTestExecutionListener, org.springframework.test.context.support.DependencyInjectionTestExecutionListener, org.springframework.test.context.support.DirtiesContextTestExecutionListener, org.springframework.test.context.transaction.TransactionalTestExecutionListener, org.springframework.test.context.jdbc.SqlScriptsTestExecutionListener, org.springframework.test.context.event.EventPublishingTestExecutionListener]
21:57:48.392 [main] INFO org.springframework.boot.test.context.SpringBootTestContextBootstrapper - Using TestExecutionListeners: [org.springframework.test.context.web.ServletTestExecutionListener@6bbe85a8, org.springframework.test.context.support.DirtiesContextBeforeModesTestExecutionListener@3a7442c7, org.springframework.boot.test.mock.mockito.MockitoTestExecutionListener@4be29ed9, org.springframework.boot.test.autoconfigure.SpringBootDependencyInjectionTestExecutionListener@548d708a, org.springframework.test.context.support.DirtiesContextTestExecutionListener@4b013c76, org.springframework.test.context.transaction.TransactionalTestExecutionListener@53fb3dab, org.springframework.test.context.jdbc.SqlScriptsTestExecutionListener@cb0755b, org.springframework.test.context.event.EventPublishingTestExecutionListener@33065d67, org.springframework.boot.test.mock.mockito.ResetMocksTestExecutionListener@712625fd, org.springframework.boot.test.autoconfigure.restdocs.RestDocsTestExecutionListener@7bba5817, org.springframework.boot.test.autoconfigure.web.client.MockRestServiceServerResetTestExecutionListener@742ff096, org.springframework.boot.test.autoconfigure.web.servlet.MockMvcPrintOnlyOnFailureTestExecutionListener@75437611, org.springframework.boot.test.autoconfigure.web.servlet.WebDriverTestExecutionListener@350aac89, org.springframework.boot.test.autoconfigure.webservices.client.MockWebServiceServerTestExecutionListener@1c5920df]
21:57:48.396 [main] DEBUG org.springframework.test.context.support.AbstractDirtiesContextTestExecutionListener - Before test class: context [DefaultTestContext@5f049ea1 testClass = Redis02SpringbootApplicationTests, testInstance = [null], testMethod = [null], testException = [null], mergedContextConfiguration = [WebMergedContextConfiguration@72cc7e6f testClass = Redis02SpringbootApplicationTests, locations = '{}', classes = '{class com.snail.Redis02SpringbootApplication}', contextInitializerClasses = '[]', activeProfiles = '{}', propertySourceLocations = '{}', propertySourceProperties = '{org.springframework.boot.test.context.SpringBootTestContextBootstrapper=true}', contextCustomizers = set[org.springframework.boot.test.context.filter.ExcludeFilterContextCustomizer@72057ecf, org.springframework.boot.test.json.DuplicateJsonObjectContextCustomizerFactory$DuplicateJsonObjectContextCustomizer@1ab3a8c8, org.springframework.boot.test.mock.mockito.MockitoContextCustomizer@0, org.springframework.boot.test.web.client.TestRestTemplateContextCustomizer@6e20b53a, org.springframework.boot.test.web.reactive.server.WebTestClientContextCustomizer@6aba2b86, org.springframework.boot.test.autoconfigure.actuate.metrics.MetricsExportContextCustomizerFactory$DisableMetricExportContextCustomizer@5af3afd9, org.springframework.boot.test.autoconfigure.properties.PropertyMappingContextCustomizer@0, org.springframework.boot.test.autoconfigure.web.servlet.WebDriverContextCustomizerFactory$Customizer@5b239d7d, org.springframework.boot.test.context.SpringBootTestArgs@1, org.springframework.boot.test.context.SpringBootTestWebEnvironment@7c16905e], resourceBasePath = 'src/main/webapp', contextLoader = 'org.springframework.boot.test.context.SpringBootContextLoader', parent = [null]], attributes = map['org.springframework.test.context.web.ServletTestExecutionListener.activateListener' -> true]], class annotated with @DirtiesContext [false] with mode [null].
21:57:48.462 [main] DEBUG org.springframework.test.context.support.TestPropertySourceUtils - Adding inlined properties to environment: {spring.jmx.enabled=false, org.springframework.boot.test.context.SpringBootTestContextBootstrapper=true}

  .   ____          _            __ _ _
 /\\ / ___'_ __ _ _(_)_ __  __ _ \ \ \ \
( ( )\___ | '_ | '_| | '_ \/ _` | \ \ \ \
 \\/  ___)| |_)| | | | | || (_| |  ) ) ) )
  '  |____| .__|_| |_|_| |_\__, | / / / /
 =========|_|==============|___/=/_/_/_/
 :: Spring Boot ::                (v2.4.0)

2020-11-18 21:57:48.962  INFO 10652 --- [           main] c.s.Redis02SpringbootApplicationTests    : Starting Redis02SpringbootApplicationTests using Java 1.8.0_211 on DESKTOP-25O8ICA with PID 10652 (started by LXJ in D:\MyCode\SuperSnail\snail\redis-02-springboot)
2020-11-18 21:57:48.965  INFO 10652 --- [           main] c.s.Redis02SpringbootApplicationTests    : No active profile set, falling back to default profiles: default
2020-11-18 21:57:49.886  INFO 10652 --- [           main] .s.d.r.c.RepositoryConfigurationDelegate : Multiple Spring Data modules found, entering strict repository configuration mode!
2020-11-18 21:57:49.891  INFO 10652 --- [           main] .s.d.r.c.RepositoryConfigurationDelegate : Bootstrapping Spring Data Redis repositories in DEFAULT mode.
2020-11-18 21:57:49.915  INFO 10652 --- [           main] .s.d.r.c.RepositoryConfigurationDelegate : Finished Spring Data repository scanning in 8 ms. Found 0 Redis repository interfaces.
2020-11-18 21:57:52.417  INFO 10652 --- [           main] o.s.s.concurrent.ThreadPoolTaskExecutor  : Initializing ExecutorService 'applicationTaskExecutor'
2020-11-18 21:57:53.070  INFO 10652 --- [           main] c.s.Redis02SpringbootApplicationTests    : Started Redis02SpringbootApplicationTests in 4.587 seconds (JVM running for 6.787)
]]></system-out>
  </testcase>
  <testcase name="contextLoads" classname="com.snail.Redis02SpringbootApplicationTests" time="0.001"/>
</testsuite>